[0m11:15:49.103144 [debug] [MainThread]: Sending event: {'category': 'dbt', 'action': 'invocation', 'label': 'start', 'context': [<snowplow_tracker.self_describing_json.SelfDescribingJson object at 0x74872558f670>, <snowplow_tracker.self_describing_json.SelfDescribingJson object at 0x74872463e440>, <snowplow_tracker.self_describing_json.SelfDescribingJson object at 0x74872463e470>]}


============================== 11:15:49.106319 | ea95c4d6-dd3b-42fb-9466-0a1e6c7bfaee ==============================
[0m11:15:49.106319 [info ] [MainThread]: Running with dbt=1.9.2
[0m11:15:49.107105 [debug] [MainThread]: running dbt with arguments {'printer_width': '80', 'indirect_selection': 'eager', 'write_json': 'True', 'log_cache_events': 'False', 'partial_parse': 'True', 'cache_selected_only': 'False', 'profiles_dir': '/home/icanooo/.dbt', 'fail_fast': 'False', 'warn_error': 'None', 'log_path': 'logs', 'debug': 'False', 'version_check': 'True', 'use_colors': 'True', 'use_experimental_parser': 'False', 'no_print': 'None', 'quiet': 'False', 'empty': 'None', 'log_format': 'default', 'introspect': 'True', 'static_parser': 'True', 'invocation_command': 'dbt init library_dbt', 'target_path': 'None', 'warn_error_options': 'WarnErrorOptions(include=[], exclude=[])', 'send_anonymous_usage_stats': 'True'}
[0m11:15:49.121854 [debug] [MainThread]: Starter project path: /home/icanooo/.local/lib/python3.10/site-packages/dbt/include/starter_project
[0m11:15:49.126285 [info ] [MainThread]: 
Your new dbt project "library_dbt" was created!

For more information on how to configure the profiles.yml file,
please consult the dbt documentation here:

  https://docs.getdbt.com/docs/configure-your-profile

One more thing:

Need help? Don't hesitate to reach out to us via GitHub issues or on Slack:

  https://community.getdbt.com/

Happy modeling!

[0m11:15:49.126984 [info ] [MainThread]: Setting up your profile.
[0m11:16:52.890167 [info ] [MainThread]: Profile library_dbt written to /home/icanooo/.dbt/profiles.yml using target's profile_template.yml and your supplied values. Run 'dbt debug' to validate the connection.
[0m11:16:52.893240 [debug] [MainThread]: Resource report: {"command_name": "init", "command_success": true, "command_wall_clock_time": 63.876877, "process_in_blocks": "4112", "process_kernel_time": 0.185218, "process_mem_max_rss": "212604", "process_out_blocks": "80", "process_user_time": 2.755244}
[0m11:16:52.896052 [debug] [MainThread]: Command `dbt init` succeeded at 11:16:52.895530 after 63.88 seconds
[0m11:16:52.898228 [debug] [MainThread]: Sending event: {'category': 'dbt', 'action': 'invocation', 'label': 'end', 'context': [<snowplow_tracker.self_describing_json.SelfDescribingJson object at 0x74872558f670>, <snowplow_tracker.self_describing_json.SelfDescribingJson object at 0x748726829000>, <snowplow_tracker.self_describing_json.SelfDescribingJson object at 0x74872463e470>]}
[0m11:16:52.899906 [debug] [MainThread]: Flushing usage events
[0m11:16:54.525668 [debug] [MainThread]: An error was encountered while trying to flush usage events
[0m08:15:34.168259 [debug] [MainThread]: Sending event: {'category': 'dbt', 'action': 'invocation', 'label': 'start', 'context': [<snowplow_tracker.self_describing_json.SelfDescribingJson object at 0x7faa37a6cb50>, <snowplow_tracker.self_describing_json.SelfDescribingJson object at 0x7faa386d3fd0>, <snowplow_tracker.self_describing_json.SelfDescribingJson object at 0x7faa379f3110>]}


============================== 08:15:34.172905 | 9233db4a-07c0-49c7-a459-a6f46c602dcd ==============================
[0m08:15:34.172905 [info ] [MainThread]: Running with dbt=1.9.2
[0m08:15:34.174366 [debug] [MainThread]: running dbt with arguments {'printer_width': '80', 'indirect_selection': 'eager', 'log_cache_events': 'False', 'write_json': 'True', 'partial_parse': 'True', 'cache_selected_only': 'False', 'warn_error': 'None', 'debug': 'False', 'fail_fast': 'False', 'log_path': 'logs', 'profiles_dir': '/opt/dbt/profiles/profiles.yml', 'version_check': 'True', 'use_colors': 'True', 'use_experimental_parser': 'False', 'no_print': 'None', 'quiet': 'False', 'empty': 'False', 'log_format': 'default', 'introspect': 'True', 'invocation_command': 'dbt run', 'static_parser': 'True', 'target_path': 'None', 'warn_error_options': 'WarnErrorOptions(include=[], exclude=[])', 'send_anonymous_usage_stats': 'True'}
[0m08:15:34.176333 [error] [MainThread]: Encountered an error:
Runtime Error
  No dbt_project.yml found at expected path /opt/dbt/dbt_project.yml
  Verify that each entry within packages.yml (and their transitive dependencies) contains a file named dbt_project.yml
  
[0m08:15:34.181557 [debug] [MainThread]: Resource report: {"command_name": "run", "command_success": false, "command_wall_clock_time": 0.08198629, "process_in_blocks": "6752", "process_kernel_time": 0.262601, "process_mem_max_rss": "87804", "process_out_blocks": "3", "process_user_time": 1.667564}
[0m08:15:34.183339 [debug] [MainThread]: Command `dbt run` failed at 08:15:34.183101 after 0.09 seconds
[0m08:15:34.184247 [debug] [MainThread]: Sending event: {'category': 'dbt', 'action': 'invocation', 'label': 'end', 'context': [<snowplow_tracker.self_describing_json.SelfDescribingJson object at 0x7faa379fcf10>, <snowplow_tracker.self_describing_json.SelfDescribingJson object at 0x7faa379f1450>, <snowplow_tracker.self_describing_json.SelfDescribingJson object at 0x7faa37afd7d0>]}
[0m08:15:34.185149 [debug] [MainThread]: Flushing usage events
[0m08:15:35.889875 [debug] [MainThread]: An error was encountered while trying to flush usage events
[0m08:53:21.019297 [debug] [MainThread]: Sending event: {'category': 'dbt', 'action': 'invocation', 'label': 'start', 'context': [<snowplow_tracker.self_describing_json.SelfDescribingJson object at 0x7fba8e9d7290>, <snowplow_tracker.self_describing_json.SelfDescribingJson object at 0x7fba8e97f2d0>, <snowplow_tracker.self_describing_json.SelfDescribingJson object at 0x7fba8e97c8d0>]}


============================== 08:53:21.023744 | a6c0dfb7-7497-4efd-8ea2-15075e1de5e7 ==============================
[0m08:53:21.023744 [info ] [MainThread]: Running with dbt=1.9.2
[0m08:53:21.025207 [debug] [MainThread]: running dbt with arguments {'printer_width': '80', 'indirect_selection': 'eager', 'write_json': 'True', 'log_cache_events': 'False', 'partial_parse': 'True', 'cache_selected_only': 'False', 'warn_error': 'None', 'version_check': 'True', 'debug': 'False', 'log_path': 'logs', 'profiles_dir': '/opt/dbt/profiles', 'fail_fast': 'False', 'use_colors': 'True', 'use_experimental_parser': 'False', 'empty': 'None', 'quiet': 'False', 'no_print': 'None', 'log_format': 'default', 'static_parser': 'True', 'warn_error_options': 'WarnErrorOptions(include=[], exclude=[])', 'introspect': 'True', 'target_path': 'None', 'invocation_command': 'dbt debug', 'send_anonymous_usage_stats': 'True'}
[0m08:53:21.045221 [info ] [MainThread]: dbt version: 1.9.2
[0m08:53:21.046258 [info ] [MainThread]: python version: 3.11.2
[0m08:53:21.047592 [info ] [MainThread]: python path: /usr/local/bin/python
[0m08:53:21.049084 [info ] [MainThread]: os info: Linux-6.10.14-linuxkit-x86_64-with-glibc2.31
[0m08:53:21.872557 [info ] [MainThread]: Using profiles dir at /opt/dbt/profiles
[0m08:53:21.873756 [info ] [MainThread]: Using profiles.yml file at /opt/dbt/profiles/profiles.yml
[0m08:53:21.875258 [info ] [MainThread]: Using dbt_project.yml file at /opt/dbt/dbt_project.yml
[0m08:53:21.876831 [info ] [MainThread]: adapter type: bigquery
[0m08:53:21.878116 [info ] [MainThread]: adapter version: 1.9.1
[0m08:53:21.879787 [info ] [MainThread]: Configuration:
[0m08:53:21.882228 [info ] [MainThread]:   profiles.yml file [[32mOK found and valid[0m]
[0m08:53:21.883685 [info ] [MainThread]:   dbt_project.yml file [[31mERROR not found[0m]
[0m08:53:21.886423 [info ] [MainThread]: Required dependencies:
[0m08:53:21.888934 [debug] [MainThread]: Executing "git --help"
[0m08:53:21.893938 [debug] [MainThread]: STDOUT: "b"usage: git [--version] [--help] [-C <path>] [-c <name>=<value>]\n           [--exec-path[=<path>]] [--html-path] [--man-path] [--info-path]\n           [-p | --paginate | -P | --no-pager] [--no-replace-objects] [--bare]\n           [--git-dir=<path>] [--work-tree=<path>] [--namespace=<name>]\n           <command> [<args>]\n\nThese are common Git commands used in various situations:\n\nstart a working area (see also: git help tutorial)\n   clone             Clone a repository into a new directory\n   init              Create an empty Git repository or reinitialize an existing one\n\nwork on the current change (see also: git help everyday)\n   add               Add file contents to the index\n   mv                Move or rename a file, a directory, or a symlink\n   restore           Restore working tree files\n   rm                Remove files from the working tree and from the index\n   sparse-checkout   Initialize and modify the sparse-checkout\n\nexamine the history and state (see also: git help revisions)\n   bisect            Use binary search to find the commit that introduced a bug\n   diff              Show changes between commits, commit and working tree, etc\n   grep              Print lines matching a pattern\n   log               Show commit logs\n   show              Show various types of objects\n   status            Show the working tree status\n\ngrow, mark and tweak your common history\n   branch            List, create, or delete branches\n   commit            Record changes to the repository\n   merge             Join two or more development histories together\n   rebase            Reapply commits on top of another base tip\n   reset             Reset current HEAD to the specified state\n   switch            Switch branches\n   tag               Create, list, delete or verify a tag object signed with GPG\n\ncollaborate (see also: git help workflows)\n   fetch             Download objects and refs from another repository\n   pull              Fetch from and integrate with another repository or a local branch\n   push              Update remote refs along with associated objects\n\n'git help -a' and 'git help -g' list available subcommands and some\nconcept guides. See 'git help <command>' or 'git help <concept>'\nto read about a specific subcommand or concept.\nSee 'git help git' for an overview of the system.\n""
[0m08:53:21.895294 [debug] [MainThread]: STDERR: "b''"
[0m08:53:21.897108 [info ] [MainThread]:  - git [[32mOK found[0m]

[0m08:53:21.898692 [info ] [MainThread]: Connection:
[0m08:53:21.900080 [info ] [MainThread]:   method: service-account
[0m08:53:21.902101 [info ] [MainThread]:   database: purwadika
[0m08:53:21.904694 [info ] [MainThread]:   execution_project: purwadika
[0m08:53:21.906184 [info ] [MainThread]:   schema: ihsan_dwh_library_data_modelling
[0m08:53:21.907979 [info ] [MainThread]:   location: asia-southeast2
[0m08:53:21.910431 [info ] [MainThread]:   priority: interactive
[0m08:53:21.912280 [info ] [MainThread]:   maximum_bytes_billed: None
[0m08:53:21.915092 [info ] [MainThread]:   impersonate_service_account: None
[0m08:53:21.916662 [info ] [MainThread]:   job_retry_deadline_seconds: None
[0m08:53:21.918105 [info ] [MainThread]:   job_retries: 1
[0m08:53:21.919785 [info ] [MainThread]:   job_creation_timeout_seconds: None
[0m08:53:21.921525 [info ] [MainThread]:   job_execution_timeout_seconds: 200
[0m08:53:21.923130 [info ] [MainThread]:   timeout_seconds: 200
[0m08:53:21.930597 [info ] [MainThread]:   client_id: None
[0m08:53:21.932484 [info ] [MainThread]:   token_uri: None
[0m08:53:21.935491 [info ] [MainThread]:   dataproc_region: None
[0m08:53:21.937946 [info ] [MainThread]:   dataproc_cluster_name: None
[0m08:53:21.939737 [info ] [MainThread]:   gcs_bucket: None
[0m08:53:21.941547 [info ] [MainThread]:   dataproc_batch: None
[0m08:53:21.944512 [info ] [MainThread]: Registered adapter: bigquery=1.9.1
[0m08:53:22.075273 [debug] [MainThread]: Acquiring new bigquery connection 'debug'
[0m08:53:22.076555 [debug] [MainThread]: On debug: select 1 as id
[0m08:53:22.077936 [debug] [MainThread]: Opening a new connection, currently in state init
[0m08:53:22.079080 [debug] [MainThread]: BigQuery adapter: Got an error when attempting to create a bigquery " "client: 'expected str, bytes or os.PathLike object, not NoneType'
[0m08:53:22.080131 [debug] [MainThread]: BigQuery adapter: Unhandled error while running:
select 1 as id
[0m08:53:22.080986 [debug] [MainThread]: BigQuery adapter: Database Error
  expected str, bytes or os.PathLike object, not NoneType
[0m08:53:22.081639 [info ] [MainThread]:   Connection test: [[31mERROR[0m]

[0m08:53:22.082640 [info ] [MainThread]: [31m2 checks failed:[0m
[0m08:53:22.084759 [info ] [MainThread]: Project loading failed for the following reason:
 project path </opt/dbt/dbt_project.yml> not found

[0m08:53:22.086203 [info ] [MainThread]: dbt was unable to connect to the specified database.
The database returned the following error:

  >'NoneType' object has no attribute 'close'

Check your database credentials and try again. For more information, visit:
https://docs.getdbt.com/docs/configure-your-profile


[0m08:53:22.090000 [debug] [MainThread]: Resource report: {"command_name": "debug", "command_success": false, "command_wall_clock_time": 1.1393346, "process_in_blocks": "1312", "process_kernel_time": 0.426936, "process_mem_max_rss": "201380", "process_out_blocks": "14", "process_user_time": 2.564284}
[0m08:53:22.092629 [debug] [MainThread]: Command `dbt debug` failed at 08:53:22.092337 after 1.14 seconds
[0m08:53:22.093758 [debug] [MainThread]: Sending event: {'category': 'dbt', 'action': 'invocation', 'label': 'end', 'context': [<snowplow_tracker.self_describing_json.SelfDescribingJson object at 0x7fba8e984fd0>, <snowplow_tracker.self_describing_json.SelfDescribingJson object at 0x7fba8e9ab210>, <snowplow_tracker.self_describing_json.SelfDescribingJson object at 0x7fba78fb5710>]}
[0m08:53:22.095227 [debug] [MainThread]: Flushing usage events
[0m08:53:23.493498 [debug] [MainThread]: An error was encountered while trying to flush usage events
